<?xml version="1.0" encoding="UTF-8"?>
<!-- Generated by org.testng.reporters.JUnitReportReporter -->
<testsuite hostname="DESKTOP-R4MBS2E" failures="0" tests="1" name="Tests.ValidationRuleTest" time="32.591" errors="0" timestamp="2020-08-19T10:46:46 UYT" skipped="0">
  <testcase classname="Tests.ValidationRuleTest" name="correctFilledFields" time="32.591"/>
  <system-out/>
</testsuite> <!-- Tests.ValidationRuleTest -->
