<?xml version="1.0" encoding="UTF-8"?>
<!-- Generated by org.testng.reporters.JUnitReportReporter -->
<testsuite skipped="0" hostname="PABLOF" name="Tests.LoginTest" tests="3" failures="0" timestamp="2020-08-13T09:18:26 UYT" time="41.875" errors="0">
  <testcase name="correctCredentials" time="16.580" classname="Tests.LoginTest"/>
  <system-out/>
  <testcase name="noPassword" time="12.779" classname="Tests.LoginTest"/>
  <system-out/>
  <testcase name="wrongCredentials" time="12.516" classname="Tests.LoginTest"/>
  <system-out/>
</testsuite> <!-- Tests.LoginTest -->
