<?xml version="1.0" encoding="UTF-8"?>
<!-- Generated by org.testng.reporters.JUnitReportReporter -->
<testsuite skipped="0" hostname="PABLOF" name="Tests.LoginTest" tests="2" failures="0" timestamp="2020-08-14T11:55:54 UYT" time="33.443" errors="0">
  <testcase name="wrongCredentials" time="16.182" classname="Tests.LoginTest"/>
  <system-out/>
  <testcase name="noPassword" time="17.261" classname="Tests.LoginTest"/>
  <system-out/>
</testsuite> <!-- Tests.LoginTest -->
