<?xml version="1.0" encoding="UTF-8"?>
<!-- Generated by org.testng.reporters.JUnitReportReporter -->
<testsuite hostname="DESKTOP-R4MBS2E" failures="0" tests="2" name="Tests.ExerciseLocatorPrinter" time="35.171" errors="0" timestamp="2020-08-18T17:32:41 UYT" skipped="0">
  <testcase classname="Tests.ExerciseLocatorPrinter" name="printLoginLocator" time="6.592"/>
  <system-out/>
  <testcase classname="Tests.ExerciseLocatorPrinter" name="printVRuleLocator" time="28.579"/>
  <system-out/>
</testsuite> <!-- Tests.ExerciseLocatorPrinter -->
