<?xml version="1.0" encoding="UTF-8"?>
<!-- Generated by org.testng.reporters.JUnitReportReporter -->
<<<<<<< HEAD
<testsuite hostname="DESKTOP-R4MBS2E" failures="0" tests="1" name="Tests.ValidationRuleTest" time="24.687" errors="0" timestamp="2020-08-12T12:59:47 UYT" skipped="0">
  <testcase classname="Tests.ValidationRuleTest" name="wrongFormulaText" time="24.687"/>
=======
<testsuite skipped="0" hostname="PABLOF" name="Tests.ValidationRuleTest" tests="1" failures="0" timestamp="2020-08-12T18:02:20 UYT" time="36.509" errors="0">
  <testcase name="correctFilledFields" time="36.509" classname="Tests.ValidationRuleTest"/>
>>>>>>> 348cf1c3b38ec4b341fe472f0a76a78156d2fde5
  <system-out/>
</testsuite> <!-- Tests.ValidationRuleTest -->
