<?xml version="1.0" encoding="UTF-8"?>
<!-- Generated by org.testng.reporters.JUnitReportReporter -->
<testsuite skipped="0" hostname="PABLOF" name="Tests.ValidationRuleTest" tests="3" failures="0" timestamp="2020-08-14T18:37:00 UYT" time="104.067" errors="0">
  <testcase name="correctFilledFields" time="39.261" classname="Tests.ValidationRuleTest"/>
  <system-out/>
  <testcase name="noRequiredField" time="31.625" classname="Tests.ValidationRuleTest"/>
  <system-out/>
  <testcase name="wrongFormulaText" time="33.181" classname="Tests.ValidationRuleTest"/>
  <system-out/>
</testsuite> <!-- Tests.ValidationRuleTest -->
