<?xml version="1.0" encoding="UTF-8"?>
<!-- Generated by org.testng.reporters.JUnitReportReporter -->
<testsuite skipped="0" hostname="PABLOF" name="Tests.LoginTest" tests="3" failures="0" timestamp="2020-08-14T18:34:58 UYT" time="40.536" errors="0">
  <testcase name="noPassword" time="8.425" classname="Tests.LoginTest"/>
  <system-out/>
  <testcase name="wrongCredentials" time="9.010" classname="Tests.LoginTest"/>
  <system-out/>
  <testcase name="correctCredentials" time="23.101" classname="Tests.LoginTest"/>
  <system-out/>
</testsuite> <!-- Tests.LoginTest -->
