<?xml version="1.0" encoding="UTF-8"?>
<!-- Generated by org.testng.reporters.JUnitReportReporter -->
<testsuite skipped="0" hostname="PABLOF" name="Tests.LoginTest" tests="3" failures="0" timestamp="2020-08-07T19:47:03 UYT" time="48.155" errors="0">
  <testcase name="wrongCredentials" time="18.775" classname="Tests.LoginTest"/>
  <system-out/>
  <testcase name="noPassword" time="13.184" classname="Tests.LoginTest"/>
  <system-out/>
  <testcase name="correctCredentials" time="16.196" classname="Tests.LoginTest"/>
  <system-out/>
</testsuite> <!-- Tests.LoginTest -->
