<?xml version="1.0" encoding="UTF-8"?>
<!-- Generated by org.testng.reporters.JUnitReportReporter -->
<testsuite hostname="DESKTOP-R4MBS2E" failures="0" tests="1" name="Tests.LoginTest" time="16.977" errors="0" timestamp="2020-08-14T18:12:19 UYT" skipped="0">
  <testcase classname="Tests.LoginTest" name="correctCredentials" time="16.977"/>
  <system-out/>
</testsuite> <!-- Tests.LoginTest -->
