<?xml version="1.0" encoding="UTF-8"?>
<!-- Generated by org.testng.reporters.JUnitReportReporter -->
<testsuite hostname="DESKTOP-R4MBS2E" failures="0" tests="1" name="Tests.ValidationRuleTest" time="25.693" errors="0" timestamp="2020-08-11T15:21:56 UYT" skipped="0">
  <testcase classname="Tests.ValidationRuleTest" name="noRequiredField" time="25.693"/>
  <system-out/>
</testsuite> <!-- Tests.ValidationRuleTest -->
