<?xml version="1.0" encoding="UTF-8"?>
<!-- Generated by org.testng.reporters.JUnitReportReporter -->
<testsuite skipped="0" hostname="PABLOF" name="Tests.ValidationRuleTest" tests="1" failures="0" timestamp="2020-08-12T18:02:20 UYT" time="36.509" errors="0">
  <testcase name="correctFilledFields" time="36.509" classname="Tests.ValidationRuleTest"/>
  <system-out/>
</testsuite> <!-- Tests.ValidationRuleTest -->
