<?xml version="1.0" encoding="UTF-8"?>
<!-- Generated by org.testng.reporters.JUnitReportReporter -->
<testsuite skipped="0" hostname="PABLOF" name="Tests.ExerciseLocatorPrinter" tests="2" failures="0" timestamp="2020-08-18T12:23:03 UYT" time="42.865" errors="0">
  <testcase name="printLoginLocator" time="7.801" classname="Tests.ExerciseLocatorPrinter"/>
  <system-out/>
  <testcase name="printVRuleLocator" time="35.064" classname="Tests.ExerciseLocatorPrinter"/>
  <system-out/>
</testsuite> <!-- Tests.ExerciseLocatorPrinter -->
