<?xml version="1.0" encoding="UTF-8"?>
<!-- Generated by org.testng.reporters.JUnitReportReporter -->
<testsuite skipped="0" hostname="PABLOF" name="Tests.LoginTest" tests="3" failures="0" timestamp="2020-08-10T07:38:14 UYT" time="40.382" errors="0">
  <testcase name="correctCredentials" time="13.985" classname="Tests.LoginTest"/>
  <system-out/>
  <testcase name="wrongCredentials" time="12.055" classname="Tests.LoginTest"/>
  <system-out/>
  <testcase name="noPassword" time="14.342" classname="Tests.LoginTest"/>
  <system-out/>
</testsuite> <!-- Tests.LoginTest -->
