<?xml version="1.0" encoding="UTF-8"?>
<!-- Generated by org.testng.reporters.JUnitReportReporter -->
<testsuite hostname="DESKTOP-R4MBS2E" failures="0" tests="1" name="Tests.ValidationRuleTest" time="24.056" errors="0" timestamp="2020-08-12T11:54:26 UYT" skipped="0">
  <testcase classname="Tests.ValidationRuleTest" name="correctFilledFields" time="24.056"/>
  <system-out/>
</testsuite> <!-- Tests.ValidationRuleTest -->
