<?xml version="1.0" encoding="UTF-8"?>
<!-- Generated by org.testng.reporters.JUnitReportReporter -->
<testsuite hostname="DESKTOP-R4MBS2E" failures="0" tests="1" name="Tests.ExerciseLocatorPrinter" time="8.541" errors="0" timestamp="2020-08-18T13:05:55 UYT" skipped="0">
  <testcase classname="Tests.ExerciseLocatorPrinter" name="printLoginLocator" time="8.541"/>
  <system-out/>
</testsuite> <!-- Tests.ExerciseLocatorPrinter -->
