<?xml version="1.0" encoding="UTF-8"?>
<!-- Generated by org.testng.reporters.JUnitReportReporter -->
<testsuite skipped="0" hostname="PABLOF" name="Tests.LoginTest" tests="2" failures="0" timestamp="2020-08-14T12:27:59 UYT" time="41.332" errors="0">
  <testcase name="wrongCredentials" time="20.982" classname="Tests.LoginTest"/>
  <system-out/>
  <testcase name="noPassword" time="20.350" classname="Tests.LoginTest"/>
  <system-out/>
</testsuite> <!-- Tests.LoginTest -->
