<?xml version="1.0" encoding="UTF-8"?>
<!-- Generated by org.testng.reporters.JUnitReportReporter -->
<testsuite skipped="0" hostname="PABLOF" name="Tests.ExerciseLocatorPrinter" tests="2" failures="0" timestamp="2020-08-18T16:56:11 UYT" time="47.376" errors="0">
  <testcase name="printVRuleLocator" time="38.351" classname="Tests.ExerciseLocatorPrinter"/>
  <system-out/>
  <testcase name="printLoginLocator" time="9.025" classname="Tests.ExerciseLocatorPrinter"/>
  <system-out/>
</testsuite> <!-- Tests.ExerciseLocatorPrinter -->
