<?xml version="1.0" encoding="UTF-8"?>
<!-- Generated by org.testng.reporters.JUnitReportReporter -->
<testsuite skipped="0" hostname="PABLOF" name="Tests.ValidationRuleTest" tests="2" failures="0" timestamp="2020-08-14T12:27:59 UYT" time="87.080" errors="0">
  <testcase name="wrongFormulaText" time="43.807" classname="Tests.ValidationRuleTest"/>
  <system-out/>
  <testcase name="noRequiredField" time="43.273" classname="Tests.ValidationRuleTest"/>
  <system-out/>
</testsuite> <!-- Tests.ValidationRuleTest -->
