<?xml version="1.0" encoding="UTF-8"?>
<!-- Generated by org.testng.reporters.JUnitReportReporter -->
<testsuite hostname="DESKTOP-R4MBS2E" failures="0" tests="3" name="Tests.LoginTest" time="46.540" errors="0" timestamp="2020-08-07T19:34:01 UYT" skipped="0">
  <testcase classname="Tests.LoginTest" name="wrongCredentials" time="12.810"/>
  <system-out/>
  <testcase classname="Tests.LoginTest" name="noPassword" time="16.233"/>
  <system-out/>
  <testcase classname="Tests.LoginTest" name="correctCredentials" time="17.497"/>
  <system-out/>
</testsuite> <!-- Tests.LoginTest -->
