<?xml version="1.0" encoding="UTF-8"?>
<!-- Generated by org.testng.reporters.JUnitReportReporter -->
<testsuite hostname="DESKTOP-R4MBS2E" failures="0" tests="1" name="Tests.ValidationRuleTest" time="24.687" errors="0" timestamp="2020-08-12T12:59:47 UYT" skipped="0">
  <testcase classname="Tests.ValidationRuleTest" name="wrongFormulaText" time="24.687"/>
  <system-out/>
</testsuite> <!-- Tests.ValidationRuleTest -->
