<?xml version="1.0" encoding="UTF-8"?>
<!-- Generated by org.testng.reporters.JUnitReportReporter -->
<testsuite hostname="DESKTOP-R4MBS2E" failures="0" tests="2" name="Tests.ExerciseLocatorPrinter" time="37.616" errors="0" timestamp="2020-08-18T16:54:41 UYT" skipped="0">
  <testcase classname="Tests.ExerciseLocatorPrinter" name="printVRuleLocator" time="30.833"/>
  <system-out/>
  <testcase classname="Tests.ExerciseLocatorPrinter" name="printLoginLocator" time="6.783"/>
  <system-out/>
</testsuite> <!-- Tests.ExerciseLocatorPrinter -->
